{"D:\\Project\\JS\\js_format_date_advanced\\src\\formatDate.js": {"path":"D:\\Project\\JS\\js_format_date_advanced\\src\\formatDate.js","statementMap":{"0":{"start":{"line":11,"column":20},"end":{"line":11,"column":45}},"1":{"start":{"line":12,"column":23},"end":{"line":12,"column":45}},"2":{"start":{"line":13,"column":21},"end":{"line":13,"column":41}},"3":{"start":{"line":14,"column":14},"end":{"line":14,"column":51}},"4":{"start":{"line":15,"column":16},"end":{"line":15,"column":53}},"5":{"start":{"line":16,"column":19},"end":{"line":16,"column":58}},"6":{"start":{"line":17,"column":20},"end":{"line":17,"column":79}},"7":{"start":{"line":18,"column":20},"end":{"line":18,"column":31}},"8":{"start":{"line":19,"column":20},"end":{"line":24,"column":3}},"9":{"start":{"line":26,"column":2},"end":{"line":35,"column":3}},"10":{"start":{"line":26,"column":15},"end":{"line":26,"column":16}},"11":{"start":{"line":27,"column":4},"end":{"line":29,"column":5}},"12":{"start":{"line":28,"column":6},"end":{"line":28,"column":50}},"13":{"start":{"line":31,"column":4},"end":{"line":33,"column":5}},"14":{"start":{"line":32,"column":6},"end":{"line":32,"column":50}},"15":{"start":{"line":34,"column":4},"end":{"line":34,"column":45}},"16":{"start":{"line":37,"column":2},"end":{"line":37,"column":36}},"17":{"start":{"line":40,"column":0},"end":{"line":40,"column":28}}},"fnMap":{"0":{"name":"formatDate","decl":{"start":{"line":10,"column":9},"end":{"line":10,"column":19}},"loc":{"start":{"line":10,"column":48},"end":{"line":38,"column":1}},"line":10}},"branchMap":{"0":{"loc":{"start":{"line":17,"column":20},"end":{"line":17,"column":79}},"type":"binary-expr","locations":[{"start":{"line":17,"column":20},"end":{"line":17,"column":57}},{"start":{"line":17,"column":61},"end":{"line":17,"column":79}}],"line":17},"1":{"loc":{"start":{"line":27,"column":4},"end":{"line":29,"column":5}},"type":"if","locations":[{"start":{"line":27,"column":4},"end":{"line":29,"column":5}},{"start":{},"end":{}}],"line":27},"2":{"loc":{"start":{"line":27,"column":8},"end":{"line":27,"column":58}},"type":"binary-expr","locations":[{"start":{"line":27,"column":8},"end":{"line":27,"column":32}},{"start":{"line":27,"column":36},"end":{"line":27,"column":58}}],"line":27},"3":{"loc":{"start":{"line":31,"column":4},"end":{"line":33,"column":5}},"type":"if","locations":[{"start":{"line":31,"column":4},"end":{"line":33,"column":5}},{"start":{},"end":{}}],"line":31},"4":{"loc":{"start":{"line":31,"column":8},"end":{"line":31,"column":59}},"type":"binary-expr","locations":[{"start":{"line":31,"column":8},"end":{"line":31,"column":32}},{"start":{"line":31,"column":36},"end":{"line":31,"column":59}}],"line":31}},"s":{"0":10,"1":10,"2":10,"3":10,"4":10,"5":10,"6":10,"7":10,"8":10,"9":10,"10":10,"11":30,"12":6,"13":30,"14":2,"15":30,"16":10,"17":1},"f":{"0":10},"b":{"0":[10,6],"1":[6,24],"2":[30,8],"3":[2,28],"4":[30,8]},"_coverageSchema":"1a1c01bbd47fc00a2c39e90264f33305004495a9","hash":"f798023a2d6d149dec91d87503e582e7c525abfa"}
}
